Flow report for CPU
Sun Jul 19 23:42:53 2020
Quartus Prime Version 19.1.0 Build 670 09/22/2019 SJ Lite Edition


---------------------
; Table of Contents ;
---------------------
  1. Legal Notice
  2. Flow Summary
  3. Flow Settings
  4. Flow Non-Default Global Settings
  5. Flow Elapsed Time
  6. Flow OS Summary
  7. Flow Log
  8. Flow Messages
  9. Flow Suppressed Messages



----------------
; Legal Notice ;
----------------
Copyright (C) 2019  Intel Corporation. All rights reserved.
Your use of Intel Corporation's design tools, logic functions 
and other software and tools, and any partner logic 
functions, and any output files from any of the foregoing 
(including device programming or simulation files), and any 
associated documentation or information are expressly subject 
to the terms and conditions of the Intel Program License 
Subscription Agreement, the Intel Quartus Prime License Agreement,
the Intel FPGA IP License Agreement, or other applicable license
agreement, including, without limitation, that your use is for
the sole purpose of programming logic devices manufactured by
Intel and sold by Intel or its authorized distributors.  Please
refer to the applicable agreement for further details, at
https://fpgasoftware.intel.com/eula.



+----------------------------------------------------------------------------------+
; Flow Summary                                                                     ;
+------------------------------------+---------------------------------------------+
; Flow Status                        ; Successful - Sun Jul 19 23:42:53 2020       ;
; Quartus Prime Version              ; 19.1.0 Build 670 09/22/2019 SJ Lite Edition ;
; Revision Name                      ; CPU                                         ;
; Top-level Entity Name              ; ALU                                         ;
; Family                             ; Cyclone 10 LP                               ;
; Device                             ; 10CL025YU256C8G                             ;
; Timing Models                      ; Final                                       ;
; Total logic elements               ; 37 / 24,624 ( < 1 % )                       ;
;     Total combinational functions  ; 37 / 24,624 ( < 1 % )                       ;
;     Dedicated logic registers      ; 11 / 24,624 ( < 1 % )                       ;
; Total registers                    ; 11                                          ;
; Total pins                         ; 38 / 151 ( 25 % )                           ;
; Total virtual pins                 ; 0                                           ;
; Total memory bits                  ; 0 / 608,256 ( 0 % )                         ;
; Embedded Multiplier 9-bit elements ; 0 / 132 ( 0 % )                             ;
; Total PLLs                         ; 0 / 4 ( 0 % )                               ;
+------------------------------------+---------------------------------------------+


+-----------------------------------------+
; Flow Settings                           ;
+-------------------+---------------------+
; Option            ; Setting             ;
+-------------------+---------------------+
; Start date & time ; 07/19/2020 23:42:14 ;
; Main task         ; Compilation         ;
; Revision Name     ; CPU                 ;
+-------------------+---------------------+


+-------------------------------------------------------------------------------------------------------------------------------------------------+
; Flow Non-Default Global Settings                                                                                                                ;
+--------------------------------------+----------------------------------------+---------------+-------------+-----------------------------------+
; Assignment Name                      ; Value                                  ; Default Value ; Entity Name ; Section Id                        ;
+--------------------------------------+----------------------------------------+---------------+-------------+-----------------------------------+
; COMPILER_SIGNATURE_ID                ; 93383152729028.159519493312400         ; --            ; --          ; --                                ;
; EDA_DESIGN_INSTANCE_NAME             ; NA                                     ; --            ; --          ; ALU_tb                            ;
; EDA_GENERATE_FUNCTIONAL_NETLIST      ; Off                                    ; --            ; --          ; eda_board_design_timing           ;
; EDA_GENERATE_FUNCTIONAL_NETLIST      ; Off                                    ; --            ; --          ; eda_board_design_boundary_scan    ;
; EDA_GENERATE_FUNCTIONAL_NETLIST      ; Off                                    ; --            ; --          ; eda_board_design_signal_integrity ;
; EDA_GENERATE_FUNCTIONAL_NETLIST      ; Off                                    ; --            ; --          ; eda_board_design_symbol           ;
; EDA_NATIVELINK_SIMULATION_TEST_BENCH ; ALU_tb                                 ; --            ; --          ; eda_simulation                    ;
; EDA_OUTPUT_DATA_FORMAT               ; Vhdl                                   ; --            ; --          ; eda_simulation                    ;
; EDA_SIMULATION_TOOL                  ; ModelSim-Altera (VHDL)                 ; <None>        ; --          ; --                                ;
; EDA_TEST_BENCH_ENABLE_STATUS         ; TEST_BENCH_MODE                        ; --            ; --          ; eda_simulation                    ;
; EDA_TEST_BENCH_FILE                  ; ALU_tb.vhd                             ; --            ; --          ; ALU_tb                            ;
; EDA_TEST_BENCH_MODULE_NAME           ; ALU_tb                                 ; --            ; --          ; ALU_tb                            ;
; EDA_TEST_BENCH_NAME                  ; ALU_tb                                 ; --            ; --          ; eda_simulation                    ;
; EDA_TIME_SCALE                       ; 1 ps                                   ; --            ; --          ; eda_simulation                    ;
; MAX_CORE_JUNCTION_TEMP               ; 85                                     ; --            ; --          ; --                                ;
; MIN_CORE_JUNCTION_TEMP               ; 0                                      ; --            ; --          ; --                                ;
; NOMINAL_CORE_SUPPLY_VOLTAGE          ; 1.2V                                   ; --            ; --          ; --                                ;
; PARTITION_COLOR                      ; -- (Not supported for targeted family) ; --            ; ALU         ; Top                               ;
; PARTITION_FITTER_PRESERVATION_LEVEL  ; -- (Not supported for targeted family) ; --            ; ALU         ; Top                               ;
; PARTITION_NETLIST_TYPE               ; -- (Not supported for targeted family) ; --            ; ALU         ; Top                               ;
; POWER_BOARD_THERMAL_MODEL            ; None (CONSERVATIVE)                    ; --            ; --          ; --                                ;
; POWER_PRESET_COOLING_SOLUTION        ; 23 MM HEAT SINK WITH 200 LFPM AIRFLOW  ; --            ; --          ; --                                ;
; PROJECT_OUTPUT_DIRECTORY             ; output_files                           ; --            ; --          ; --                                ;
; TOP_LEVEL_ENTITY                     ; ALU                                    ; CPU           ; --          ; --                                ;
+--------------------------------------+----------------------------------------+---------------+-------------+-----------------------------------+


+--------------------------------------------------------------------------------------------------------------------------+
; Flow Elapsed Time                                                                                                        ;
+----------------------+--------------+-------------------------+---------------------+------------------------------------+
; Module Name          ; Elapsed Time ; Average Processors Used ; Peak Virtual Memory ; Total CPU Time (on all processors) ;
+----------------------+--------------+-------------------------+---------------------+------------------------------------+
; Analysis & Synthesis ; 00:00:21     ; 1.0                     ; 4793 MB             ; 00:00:38                           ;
; Fitter               ; 00:00:08     ; 1.0                     ; 5226 MB             ; 00:00:08                           ;
; Assembler            ; 00:00:01     ; 1.0                     ; 4690 MB             ; 00:00:02                           ;
; Timing Analyzer      ; 00:00:02     ; 1.0                     ; 4753 MB             ; 00:00:02                           ;
; EDA Netlist Writer   ; 00:00:01     ; 1.0                     ; 4645 MB             ; 00:00:01                           ;
; Total                ; 00:00:33     ; --                      ; --                  ; 00:00:51                           ;
+----------------------+--------------+-------------------------+---------------------+------------------------------------+


+------------------------------------------------------------------------------------+
; Flow OS Summary                                                                    ;
+----------------------+------------------+------------+------------+----------------+
; Module Name          ; Machine Hostname ; OS Name    ; OS Version ; Processor type ;
+----------------------+------------------+------------+------------+----------------+
; Analysis & Synthesis ; DESKTOP-M7BJ5FF  ; Windows 10 ; 10.0       ; x86_64         ;
; Fitter               ; DESKTOP-M7BJ5FF  ; Windows 10 ; 10.0       ; x86_64         ;
; Assembler            ; DESKTOP-M7BJ5FF  ; Windows 10 ; 10.0       ; x86_64         ;
; Timing Analyzer      ; DESKTOP-M7BJ5FF  ; Windows 10 ; 10.0       ; x86_64         ;
; EDA Netlist Writer   ; DESKTOP-M7BJ5FF  ; Windows 10 ; 10.0       ; x86_64         ;
+----------------------+------------------+------------+------------+----------------+


------------
; Flow Log ;
------------
quartus_map --read_settings_files=on --write_settings_files=off CPU -c CPU
quartus_fit --read_settings_files=off --write_settings_files=off CPU -c CPU
quartus_asm --read_settings_files=off --write_settings_files=off CPU -c CPU
quartus_sta CPU -c CPU
quartus_eda --read_settings_files=off --write_settings_files=off CPU -c CPU



